[10:35:26] [main/INFO]: Loading for game Minecraft 1.15.2
[10:35:27] [main/INFO]: [FabricLoader] Loading 48 mods: fabric-renderer-api-v1@0.2.10+f08b61330c, minecraft@1.15.2, fabric-networking-blockentity-v0@0.2.3+e08a73050c, fabric-keybindings-v0@0.1.1+dfdb52d60c, libcd@2.1.1+1.15.1, org_spongepowered_configurate-hocon@3.6, jankson@2.0.1+j1.2.0, bulkyshulkies@1.0.4, fabricloader@0.7.8+build.184, fabric-renderer-indigo@0.2.23+9290e2ed0c, fabric-containers-v0@0.1.3+b7f9825d0c, fabric-dimensions-v1@0.2.4+203491ea0c, fabric-biomes-v1@0.1.5+3b05f68e0c, fabric-crash-report-info-v1@0.1.2+b7f9825d0c, fabric-events-interaction-v0@0.2.7+a1bd31180c, roughlyenoughitems@3.5.4, fabric-api-base@0.1.2+b7f9825d0c, reborncore@4.2.3+build.99, fabric-rendering-v0@1.1.0+534104900c, fabric-rendering-v1@0.1.0+534104900c, cloth-config2@2.10, fabric-rendering-data-attachment-v1@0.1.3+b7f9825d0c, com_typesafe_config@1.3.1, fabric-resource-loader-v0@0.1.10+06c939b30c, autoconfig1u@1.2.4, fabric-textures-v0@1.0.4+821cdba70c, fabric-content-registries-v0@0.1.3+b7f9825d0c, fabric-tag-extensions-v0@0.1.3+abd915800c, org_spongepowered_configurate-core@3.6, fabric-rendering-fluids-v1@0.1.6+12515ed90c, fabric-commands-v0@0.1.2+b7f9825d0c, fabric-registry-sync-v0@0.2.6+f3d8141b0c, fabric-blockrenderlayer-v1@1.1.4+c6a8ea890c, me_shedaniel_cloth_basic-math@0.3.0, fabric-mining-levels-v0@0.1.1+b7f9825d0c, fabric-renderer-registries-v1@2.0.1+5a0f9a600c, fabric-loot-tables-v1@0.1.5+e08a73050c, fabric-events-lifecycle-v0@0.1.2+b7f9825d0c, fabric@0.4.32+build.292-1.15, fabric-particles-v1@0.1.1+dfdb52d60c, fabric-item-groups-v0@0.1.6+ec40b2e10c, fabric-models-v0@0.1.0+dfdb52d60c, fabric-networking-v0@0.1.7+12515ed90c, fabric-object-builders-v0@0.1.3+e4c9a9c30c, team_reborn_energy@0.0.8, techreborn@3.3.4+build.189, org_jetbrains_annotations@18.0.0, cloth@1.2.0
[10:35:27] [main/INFO]: SpongePowered MIXIN Subsystem Version=0.8 Source=file:/home/fason/minecraft_temp/libraries/net/fabricmc/sponge-mixin/0.8+build.18/sponge-mixin-0.8+build.18.jar Service=Knot/Fabric Env=CLIENT
[10:35:28] [main/INFO]: Setting user: Kennnn
[10:35:34] [main/INFO]: Reborn core is done for now, now to let other mods have their turn...
[10:35:34] [Thread-50/INFO]: [STDERR]: java.net.UnknownHostException: files.modmuss50.me
[10:35:34] [Thread-50/INFO]: [STDERR]: 	at java.net.AbstractPlainSocketImpl.connect(AbstractPlainSocketImpl.java:184)
[10:35:34] [Thread-50/INFO]: [STDERR]: 	at java.net.SocksSocketImpl.connect(SocksSocketImpl.java:392)
[10:35:34] [Thread-50/INFO]: [STDERR]: 	at java.net.Socket.connect(Socket.java:607)
[10:35:34] [Thread-50/INFO]: [STDERR]: 	at sun.security.ssl.SSLSocketImpl.connect(SSLSocketImpl.java:666)
[10:35:34] [Thread-50/INFO]: [STDERR]: 	at sun.security.ssl.BaseSSLSocketImpl.connect(BaseSSLSocketImpl.java:173)
[10:35:34] [Thread-50/INFO]: [STDERR]: 	at sun.net.NetworkClient.doConnect(NetworkClient.java:180)
[10:35:34] [Thread-50/INFO]: [STDERR]: 	at sun.net.www.http.HttpClient.openServer(HttpClient.java:463)
[10:35:34] [Thread-50/INFO]: [STDERR]: 	at sun.net.www.http.HttpClient.openServer(HttpClient.java:558)
[10:35:34] [Thread-50/INFO]: [STDERR]: 	at sun.net.www.protocol.https.HttpsClient.<init>(HttpsClient.java:264)
[10:35:34] [Thread-50/INFO]: [STDERR]: 	at sun.net.www.protocol.https.HttpsClient.New(HttpsClient.java:367)
[10:35:34] [Thread-50/INFO]: [STDERR]: 	at sun.net.www.protocol.https.AbstractDelegateHttpsURLConnection.getNewHttpClient(AbstractDelegateHttpsURLConnection.java:191)
[10:35:34] [Thread-50/INFO]: [STDERR]: 	at sun.net.www.protocol.http.HttpURLConnection.plainConnect0(HttpURLConnection.java:1162)
[10:35:34] [Thread-50/INFO]: [STDERR]: 	at sun.net.www.protocol.http.HttpURLConnection.plainConnect(HttpURLConnection.java:1056)
[10:35:34] [Thread-50/INFO]: [STDERR]: 	at sun.net.www.protocol.https.AbstractDelegateHttpsURLConnection.connect(AbstractDelegateHttpsURLConnection.java:177)
[10:35:34] [Thread-50/INFO]: [STDERR]: 	at sun.net.www.protocol.http.HttpURLConnection.getInputStream0(HttpURLConnection.java:1570)
[10:35:34] [Thread-50/INFO]: [STDERR]: 	at sun.net.www.protocol.http.HttpURLConnection.getInputStream(HttpURLConnection.java:1498)
[10:35:34] [Thread-50/INFO]: [STDERR]: 	at sun.net.www.protocol.https.HttpsURLConnectionImpl.getInputStream(HttpsURLConnectionImpl.java:268)
[10:35:34] [Thread-50/INFO]: [STDERR]: 	at reborncore.common.shields.json.ShieldJsonLoader.lambda$load$1(ShieldJsonLoader.java:86)
[10:35:34] [Thread-50/INFO]: [STDERR]: 	at java.lang.Thread.run(Thread.java:748)
[10:35:35] [main/INFO]: Loaded torus size map in 118ms
[10:35:35] [main/INFO]: TechReborn setup done!
[10:35:35] [main/INFO]: [Indigo] Registering Indigo renderer!
[10:35:36] [main/INFO]: [REI] Config is loaded.
[10:35:36] [main/INFO]: Backend library: LWJGL version 3.2.2 build 10
[10:35:38] [main/INFO]: Narrator library successfully loaded
[10:35:39] [main/INFO]: Reloading ResourceManager: Default, Fabric Renderer API (v1), Fabric Networking Block Entity (v0), Fabric Key Bindings (v0), LibCapableData, Jankson, Bulky Shulkies, Fabric Renderer - Indigo, Fabric Containers (v0), Fabric Biomes (v1), Fabric Crash Report Info (v1), Fabric Events Interaction (v0), Roughly Enough Items, Fabric API Base, Reborn Core, Fabric Rendering (v0), Fabric Rendering (v1), Cloth Config v2, Fabric Rendering Data Attachment (v1), Fabric Resource Loader (v0), Auto Config v1 Updated, Fabric Textures (v0), Fabric Content Registries (v0), Fabric Tag Extensions (v0), Fabric Rendering Fluids (v1), Fabric Commands (v0), Fabric Registry Sync (v0), Fabric BlockRenderLayer Registration (v1), Fabric Mining Levels (v0), Fabric Renderer Registries (v1), Fabric Loot Tables (v1), Fabric Events Lifecycle (v0), Fabric API, Fabric Item Groups (v0), Fabric Models (v0), Fabric Networking (v0), Fabric Object Builders (v0), Tech Reborn
[10:35:39] [Realms Notification Availability checker #1/INFO]: Could not authorize you against Realms server: Invalid session id
[10:35:52] [main/INFO]: OpenAL initialized.
[10:35:52] [main/INFO]: Sound engine started
[10:35:52] [main/INFO]: Created: 1024x1024x4 minecraft:textures/atlas/blocks.png-atlas
[10:35:52] [main/INFO]: Created: 256x128x4 minecraft:textures/atlas/signs.png-atlas
[10:35:52] [main/INFO]: Created: 1024x512x4 minecraft:textures/atlas/banner_patterns.png-atlas
[10:35:52] [main/INFO]: Created: 1024x512x4 minecraft:textures/atlas/shield_patterns.png-atlas
[10:35:52] [main/INFO]: Created: 2048x1024x4 bulkyshulkies:textures/atlas/shulker_boxes.png-atlas
[10:35:52] [main/INFO]: Created: 256x256x4 minecraft:textures/atlas/chest.png-atlas
[10:35:52] [main/INFO]: Created: 512x256x4 minecraft:textures/atlas/beds.png-atlas
[10:35:52] [main/INFO]: Created: 512x256x4 minecraft:textures/atlas/shulker_boxes.png-atlas
[10:35:53] [main/INFO]: Created: 256x256x0 minecraft:textures/atlas/particles.png-atlas
[10:35:53] [main/INFO]: Created: 256x256x0 minecraft:textures/atlas/paintings.png-atlas
[10:35:53] [main/INFO]: Created: 256x128x0 minecraft:textures/atlas/mob_effects.png-atlas
[10:36:03] [main/WARN]: Ambiguity between arguments [teleport, destination] and [teleport, targets] with inputs: [Player, 0123, @e, dd12be42-52a9-4a91-a8a1-11c01849e498]
[10:36:03] [main/WARN]: Ambiguity between arguments [teleport, location] and [teleport, destination] with inputs: [0.1 -0.5 .9, 0 0 0]
[10:36:03] [main/WARN]: Ambiguity between arguments [teleport, location] and [teleport, targets] with inputs: [0.1 -0.5 .9, 0 0 0]
[10:36:03] [main/WARN]: Ambiguity between arguments [teleport, targets] and [teleport, destination] with inputs: [Player, 0123, dd12be42-52a9-4a91-a8a1-11c01849e498]
[10:36:03] [main/WARN]: Ambiguity between arguments [teleport, targets, location] and [teleport, targets, destination] with inputs: [0.1 -0.5 .9, 0 0 0]
[10:36:03] [Server thread/INFO]: Starting integrated minecraft server version 1.15.2
[10:36:03] [Server thread/INFO]: Generating keypair
[10:36:03] [Server thread/INFO]: [fabric-registry-sync] Loaded registry data [file 1/4]
[10:36:03] [Server thread/INFO]: Found new data pack fabric/bulkyshulkies, loading it automatically
[10:36:03] [Server thread/INFO]: Found new data pack fabric/fabric-mining-levels-v0, loading it automatically
[10:36:03] [Server thread/INFO]: Found new data pack fabric/libcd, loading it automatically
[10:36:03] [Server thread/INFO]: Found new data pack fabric/techreborn, loading it automatically
[10:36:03] [Server thread/INFO]: Found new data pack vanilla, loading it automatically
[10:36:03] [Server thread/INFO]: Reloading ResourceManager: Default, Bulky Shulkies, Fabric Mining Levels (v0), LibCapableData, Tech Reborn
[10:36:05] [Server thread/INFO]: Loaded 26 recipes
[10:36:05] [Server thread/INFO]: Loaded 876 advancements
[10:36:09] [Server thread/INFO]: Preparing start region for dimension minecraft:overworld
[10:36:09] [main/INFO]: Preparing spawn area: 0%
[10:36:10] [main/INFO]: Preparing spawn area: 0%
[10:36:10] [main/INFO]: Preparing spawn area: 0%
[10:36:11] [main/INFO]: Preparing spawn area: 0%
[10:36:11] [main/INFO]: Preparing spawn area: 2%
[10:36:12] [main/INFO]: Preparing spawn area: 4%
[10:36:12] [main/INFO]: Preparing spawn area: 7%
[10:36:13] [main/INFO]: Preparing spawn area: 9%
[10:36:13] [main/INFO]: Preparing spawn area: 12%
[10:36:14] [main/INFO]: Preparing spawn area: 14%
[10:36:14] [main/INFO]: Preparing spawn area: 16%
[10:36:15] [main/INFO]: Preparing spawn area: 19%
[10:36:15] [main/INFO]: Preparing spawn area: 23%
[10:36:16] [main/INFO]: Preparing spawn area: 27%
[10:36:16] [main/INFO]: Preparing spawn area: 28%
[10:36:17] [main/INFO]: Preparing spawn area: 33%
[10:36:17] [main/INFO]: Preparing spawn area: 38%
[10:36:18] [main/INFO]: Preparing spawn area: 39%
[10:36:18] [main/INFO]: Preparing spawn area: 46%
[10:36:19] [main/INFO]: Preparing spawn area: 46%
[10:36:19] [main/INFO]: Preparing spawn area: 46%
[10:36:20] [main/INFO]: Preparing spawn area: 56%
[10:36:21] [main/INFO]: Preparing spawn area: 58%
[10:36:21] [main/INFO]: Preparing spawn area: 58%
[10:36:21] [main/INFO]: Preparing spawn area: 70%
[10:36:22] [main/INFO]: Preparing spawn area: 73%
[10:36:22] [main/INFO]: Preparing spawn area: 78%
[10:36:23] [main/INFO]: Preparing spawn area: 82%
[10:36:23] [main/INFO]: Preparing spawn area: 85%
[10:36:24] [main/INFO]: Preparing spawn area: 88%
[10:36:24] [main/INFO]: Preparing spawn area: 92%
[10:36:25] [main/INFO]: Preparing spawn area: 96%
[10:36:25] [main/INFO]: Time elapsed: 15931 ms
[10:36:25] [Server thread/INFO]: Changing view distance to 11, from 10
[10:36:26] [Server thread/INFO]: Kennnn[local:E:c4b4258f] logged in with entity id 111 at (166.5, 64.0, -134.5)
[10:36:26] [Server thread/INFO]: Kennnn joined the game
[10:36:26] [Server thread/INFO]: Saving and pausing game...
[10:36:26] [Server thread/INFO]: Saving chunks for level 'New World'/minecraft:overworld
[10:36:26] [REI-SyncRecipes/INFO]: [REI] Loading 4 plugins: bulkyshulkies:reiplugin, roughlyenoughitems:default_auto_crafting_plugin, techreborn:techreborn_plugin, roughlyenoughitems:default_plugin
[10:36:26] [REI-SyncRecipes/WARN]: [REI] Someone is registering exclusion zones with the deprecated method: me.i509.fabric.bulkyshulkies.client.BulkyShulkiesREIPlugin$$Lambda$4215/1669656581
[10:36:26] [REI-SyncRecipes/INFO]: [REI] Applied Check Tags for potion in 13ms.
[10:36:27] [REI-SyncRecipes/INFO]: [REI] Refiltered 0 entries in 114ms.
[10:36:27] [REI-SyncRecipes/INFO]: [REI] Registered 1748 stack entries, 2695 recipes displays, 4 exclusion zones suppliers, 5 overlay decider, 1 visibility handlers and 36 categories (Crafting, Smelting, Smoking, Blasting, Campfire, Stone Cutting, Fuel, Brewing, Composting, Stripping, Alloy Smelter, Assembling Machine, Blast Furnace, Industrial Centrifuge, Chemical Reactor, Compressor, Distillation Tower, Extractor, Fluid Replicator, Fusion Reactor, Grinder, Implosion Compressor, Industrial Electrolyzer, Industrial Grinder, Industrial Sawmill, Rolling Machine, Scrapbox, Solid Canning Machine, Vacuum Freezer, Wire Mill, Thermal Generator, Gas Generator, Diesel Generator, Semifluid Generator, Plasma Generator, Information) in 386 ms.
[10:36:27] [Server thread/INFO]: Saving chunks for level 'New World'/minecraft:the_end
[10:36:27] [Server thread/INFO]: Saving chunks for level 'New World'/minecraft:the_nether
[10:36:28] [main/INFO]: Loaded 0 advancements
[10:36:29] [Server thread/WARN]: Can't keep up! Is the server overloaded? Running 2026ms or 40 ticks behind
[10:36:42] [Server thread/INFO]: Saving and pausing game...
[10:36:42] [Server thread/INFO]: Saving chunks for level 'New World'/minecraft:overworld
[10:36:42] [Server thread/INFO]: Saving chunks for level 'New World'/minecraft:the_end
[10:36:42] [Server thread/INFO]: Saving chunks for level 'New World'/minecraft:the_nether
[10:37:50] [Server thread/INFO]: Saving and pausing game...
[10:37:50] [Server thread/INFO]: Saving chunks for level 'New World'/minecraft:overworld
[10:37:50] [Server thread/INFO]: Saving chunks for level 'New World'/minecraft:the_end
[10:37:50] [Server thread/INFO]: Saving chunks for level 'New World'/minecraft:the_nether
[10:37:51] [Server thread/INFO]: Kennnn lost connection: Disconnected
[10:37:51] [Server thread/INFO]: Kennnn left the game
[10:37:51] [Server thread/INFO]: Stopping singleplayer server as player logged out
[10:37:51] [Server thread/INFO]: Stopping server
[10:37:51] [Server thread/INFO]: Saving players
[10:37:51] [Server thread/INFO]: Saving worlds
[10:37:51] [Server thread/INFO]: Saving chunks for level 'New World'/minecraft:overworld
[10:37:51] [Server thread/INFO]: ThreadedAnvilChunkStorage (New World): All chunks are saved
[10:37:51] [Server thread/INFO]: Saving chunks for level 'New World'/minecraft:the_end
[10:37:51] [Server thread/INFO]: ThreadedAnvilChunkStorage (DIM1): All chunks are saved
[10:37:51] [Server thread/INFO]: Saving chunks for level 'New World'/minecraft:the_nether
[10:37:51] [Server thread/INFO]: ThreadedAnvilChunkStorage (DIM-1): All chunks are saved
[10:37:51] [Server thread/INFO]: ThreadedAnvilChunkStorage (New World): All chunks are saved
[10:37:51] [Server thread/INFO]: ThreadedAnvilChunkStorage (DIM1): All chunks are saved
[10:37:51] [Server thread/INFO]: ThreadedAnvilChunkStorage (DIM-1): All chunks are saved
[10:37:53] [main/INFO]: Stopping!
